<?xml version="1.0" encoding="UTF-8"?>
<coverage generated="1691157979101" clover="3.2.0">
  <project timestamp="1691157979101" name="All files">
    <metrics statements="95" coveredstatements="94" conditionals="46" coveredconditionals="37" methods="31" coveredmethods="31" elements="172" coveredelements="162" complexity="0" loc="95" ncloc="95" packages="2" files="9" classes="9"/>
    <package name="components">
      <metrics statements="32" coveredstatements="32" conditionals="20" coveredconditionals="15" methods="12" coveredmethods="12"/>
      <file name="ImagesRow.vue" path="/Users/Alinotec/Documents/linssenste/life/application-website/src/components/ImagesRow.vue">
        <metrics statements="19" coveredstatements="19" conditionals="16" coveredconditionals="11" methods="5" coveredmethods="5"/>
        <line num="6" count="1" type="cond" truecount="2" falsecount="0"/>
        <line num="10" count="1" type="cond" truecount="2" falsecount="0"/>
        <line num="17" count="158" type="stmt"/>
        <line num="56" count="21" type="stmt"/>
        <line num="57" count="21" type="stmt"/>
        <line num="59" count="21" type="stmt"/>
        <line num="60" count="21" type="stmt"/>
        <line num="62" count="21" type="stmt"/>
        <line num="63" count="21" type="cond" truecount="1" falsecount="1"/>
        <line num="65" count="21" type="stmt"/>
        <line num="66" count="21" type="stmt"/>
        <line num="68" count="21" type="stmt"/>
        <line num="72" count="21" type="stmt"/>
        <line num="74" count="21" type="stmt"/>
        <line num="75" count="21" type="stmt"/>
        <line num="76" count="21" type="stmt"/>
        <line num="79" count="21" type="stmt"/>
        <line num="92" count="2" type="cond" truecount="2" falsecount="0"/>
        <line num="93" count="2" type="stmt"/>
      </file>
      <file name="PolaroidImage.vue" path="/Users/Alinotec/Documents/linssenste/life/application-website/src/components/PolaroidImage.vue">
        <metrics statements="9" coveredstatements="9" conditionals="4" coveredconditionals="4" methods="3" coveredmethods="3"/>
        <line num="4" count="2" type="cond" truecount="2" falsecount="0"/>
        <line num="26" count="97" type="stmt"/>
        <line num="33" count="97" type="stmt"/>
        <line num="34" count="97" type="stmt"/>
        <line num="37" count="3" type="stmt"/>
        <line num="39" count="97" type="stmt"/>
        <line num="40" count="97" type="stmt"/>
        <line num="53" count="97" type="stmt"/>
        <line num="54" count="97" type="stmt"/>
      </file>
      <file name="TLDRCard.vue" path="/Users/Alinotec/Documents/linssenste/life/application-website/src/components/TLDRCard.vue">
        <metrics statements="4" coveredstatements="4" conditionals="0" coveredconditionals="0" methods="4" coveredmethods="4"/>
        <line num="2" count="4" type="stmt"/>
        <line num="3" count="1" type="stmt"/>
        <line num="5" count="2" type="stmt"/>
        <line num="10" count="2" type="stmt"/>
      </file>
    </package>
    <package name="views">
      <metrics statements="63" coveredstatements="62" conditionals="26" coveredconditionals="22" methods="19" coveredmethods="19"/>
      <file name="FavoriteMusicSection.vue" path="/Users/Alinotec/Documents/linssenste/life/application-website/src/views/FavoriteMusicSection.vue">
        <metrics statements="34" coveredstatements="33" conditionals="14" coveredconditionals="10" methods="11" coveredmethods="11"/>
        <line num="2" count="1" type="stmt"/>
        <line num="5" count="1" type="stmt"/>
        <line num="6" count="1" type="stmt"/>
        <line num="7" count="1" type="stmt"/>
        <line num="9" count="1034" type="stmt"/>
        <line num="10" count="1" type="stmt"/>
        <line num="26" count="1" type="stmt"/>
        <line num="29" count="1" type="cond" truecount="2" falsecount="0"/>
        <line num="31" count="2" type="stmt"/>
        <line num="36" count="2" type="stmt"/>
        <line num="39" count="2" type="stmt"/>
        <line num="52" count="7" type="stmt"/>
        <line num="55" count="7" type="stmt"/>
        <line num="57" count="7" type="stmt"/>
        <line num="154" count="7" type="stmt"/>
        <line num="155" count="7" type="stmt"/>
        <line num="156" count="7" type="stmt"/>
        <line num="159" count="7" type="stmt"/>
        <line num="160" count="7" type="stmt"/>
        <line num="164" count="7" type="stmt"/>
        <line num="168" count="7" type="stmt"/>
        <line num="169" count="7" type="cond" truecount="1" falsecount="1"/>
        <line num="175" count="2" type="stmt"/>
        <line num="177" count="2" type="cond" truecount="3" falsecount="1"/>
        <line num="178" count="0" type="stmt"/>
        <line num="183" count="2" type="stmt"/>
        <line num="186" count="7" type="stmt"/>
        <line num="190" count="7" type="stmt"/>
        <line num="192" count="658" type="stmt"/>
        <line num="193" count="658" type="stmt"/>
        <line num="196" count="658" type="stmt"/>
        <line num="197" count="658" type="stmt"/>
        <line num="198" count="658" type="stmt"/>
        <line num="201" count="7" type="stmt"/>
      </file>
      <file name="InstagramMusicSection.vue" path="/Users/Alinotec/Documents/linssenste/life/application-website/src/views/InstagramMusicSection.vue">
        <metrics statements="3" coveredstatements="3" conditionals="0" coveredconditionals="0" methods="0" coveredmethods="0"/>
        <line num="2" count="1" type="stmt"/>
        <line num="14" count="1" type="stmt"/>
        <line num="105" count="5" type="stmt"/>
      </file>
      <file name="MusicLoveSection.vue" path="/Users/Alinotec/Documents/linssenste/life/application-website/src/views/MusicLoveSection.vue">
        <metrics statements="13" coveredstatements="13" conditionals="0" coveredconditionals="0" methods="5" coveredmethods="5"/>
        <line num="2" count="1" type="stmt"/>
        <line num="7" count="1" type="stmt"/>
        <line num="8" count="1" type="stmt"/>
        <line num="10" count="1" type="stmt"/>
        <line num="15" count="1" type="stmt"/>
        <line num="20" count="1" type="stmt"/>
        <line num="22" count="2" type="stmt"/>
        <line num="23" count="2" type="stmt"/>
        <line num="24" count="2" type="stmt"/>
        <line num="25" count="2" type="stmt"/>
        <line num="40" count="10" type="stmt"/>
        <line num="43" count="10" type="stmt"/>
        <line num="44" count="10" type="stmt"/>
      </file>
      <file name="PolaroidCreativitySection.vue" path="/Users/Alinotec/Documents/linssenste/life/application-website/src/views/PolaroidCreativitySection.vue">
        <metrics statements="3" coveredstatements="3" conditionals="0" coveredconditionals="0" methods="1" coveredmethods="1"/>
        <line num="12" count="1" type="stmt"/>
        <line num="13" count="2" type="stmt"/>
        <line num="23" count="6" type="stmt"/>
      </file>
      <file name="RisographArtSection.vue" path="/Users/Alinotec/Documents/linssenste/life/application-website/src/views/RisographArtSection.vue">
        <metrics statements="1" coveredstatements="1" conditionals="8" coveredconditionals="8" methods="0" coveredmethods="0"/>
        <line num="17" count="7" type="stmt"/>
      </file>
      <file name="WelcomeSection.vue" path="/Users/Alinotec/Documents/linssenste/life/application-website/src/views/WelcomeSection.vue">
        <metrics statements="9" coveredstatements="9" conditionals="4" coveredconditionals="4" methods="2" coveredmethods="2"/>
        <line num="2" count="1" type="stmt"/>
        <line num="11" count="1" type="stmt"/>
        <line num="14" count="1" type="stmt"/>
        <line num="30" count="2" type="stmt"/>
        <line num="53" count="10" type="stmt"/>
        <line num="54" count="10" type="stmt"/>
        <line num="56" count="10" type="stmt"/>
        <line num="57" count="10" type="stmt"/>
        <line num="58" count="10" type="stmt"/>
      </file>
    </package>
  </project>
</coverage>
