{"/Users/Alinotec/Documents/linssenste/life/application-website/src/components/ImagesRow.vue": {"path":"/Users/Alinotec/Documents/linssenste/life/application-website/src/components/ImagesRow.vue","statementMap":{"0":{"start":{"line":56,"column":24},"end":{"line":56,"column":null}},"1":{"start":{"line":57,"column":22},"end":{"line":57,"column":null}},"2":{"start":{"line":59,"column":20},"end":{"line":59,"column":null}},"3":{"start":{"line":60,"column":21},"end":{"line":60,"column":null}},"4":{"start":{"line":62,"column":0},"end":{"line":80,"column":null}},"5":{"start":{"line":63,"column":4},"end":{"line":63,"column":null}},"6":{"start":{"line":63,"column":32},"end":{"line":63,"column":null}},"7":{"start":{"line":65,"column":23},"end":{"line":69,"column":null}},"8":{"start":{"line":66,"column":8},"end":{"line":66,"column":null}},"9":{"start":{"line":68,"column":8},"end":{"line":68,"column":null}},"10":{"start":{"line":72,"column":4},"end":{"line":72,"column":null}},"11":{"start":{"line":74,"column":4},"end":{"line":74,"column":null}},"12":{"start":{"line":75,"column":4},"end":{"line":75,"column":null}},"13":{"start":{"line":76,"column":4},"end":{"line":76,"column":null}},"14":{"start":{"line":79,"column":4},"end":{"line":79,"column":null}},"15":{"start":{"line":92,"column":22},"end":{"line":92,"column":null}},"16":{"start":{"line":93,"column":5},"end":{"line":93,"column":null}},"17":{"start":{"line":6,"column":59},"end":{"line":6,"column":75}},"18":{"start":{"line":10,"column":60},"end":{"line":10,"column":null}},"19":{"start":{"line":17,"column":16},"end":{"line":18,"column":114}}},"fnMap":{"0":{"name":"(anonymous_1)","decl":{"start":{"line":62,"column":10},"end":{"line":62,"column":16}},"loc":{"start":{"line":62,"column":16},"end":{"line":80,"column":1}}},"1":{"name":"(anonymous_2)","decl":{"start":{"line":65,"column":23},"end":{"line":65,"column":29}},"loc":{"start":{"line":65,"column":29},"end":{"line":69,"column":null}}},"2":{"name":"scroll","decl":{"start":{"line":91,"column":9},"end":{"line":91,"column":16}},"loc":{"start":{"line":91,"column":49},"end":{"line":94,"column":null}}},"3":{"name":"(anonymous_6)","decl":{"start":{"line":6,"column":57},"end":{"line":6,"column":59}},"loc":{"start":{"line":6,"column":59},"end":{"line":6,"column":75}}},"4":{"name":"(anonymous_7)","decl":{"start":{"line":10,"column":58},"end":{"line":10,"column":60}},"loc":{"start":{"line":10,"column":60},"end":{"line":10,"column":null}}}},"branchMap":{"0":{"loc":{"start":{"line":63,"column":4},"end":{"line":63,"column":null}},"type":"if","locations":[{"start":{"line":63,"column":4},"end":{"line":63,"column":null}},{"start":{"line":63,"column":4},"end":{"line":63,"column":null}}]},"1":{"loc":{"start":{"line":92,"column":22},"end":{"line":92,"column":null}},"type":"cond-expr","locations":[{"start":{"line":92,"column":42},"end":{"line":92,"column":47}},{"start":{"line":92,"column":47},"end":{"line":92,"column":null}}]},"2":{"loc":{"start":{"line":5,"column":62},"end":{"line":5,"column":88}},"type":"cond-expr","locations":[{"start":{"line":5,"column":75},"end":{"line":5,"column":88}},{"start":{"line":5,"column":75},"end":{"line":5,"column":88}}]},"3":{"loc":{"start":{"line":6,"column":57},"end":{"line":6,"column":75}},"type":"binary-expr","locations":[{"start":{"line":6,"column":57},"end":{"line":6,"column":59}},{"start":{"line":6,"column":57},"end":{"line":6,"column":75}}]},"4":{"loc":{"start":{"line":9,"column":63},"end":{"line":9,"column":90}},"type":"cond-expr","locations":[{"start":{"line":9,"column":77},"end":{"line":9,"column":90}},{"start":{"line":9,"column":77},"end":{"line":9,"column":90}}]},"5":{"loc":{"start":{"line":10,"column":58},"end":{"line":10,"column":null}},"type":"binary-expr","locations":[{"start":{"line":10,"column":58},"end":{"line":10,"column":60}},{"start":{"line":10,"column":58},"end":{"line":10,"column":null}}]},"6":{"loc":{"start":{"line":31,"column":71},"end":{"line":31,"column":103}},"type":"cond-expr","locations":[{"start":{"line":31,"column":84},"end":{"line":31,"column":103}},{"start":{"line":31,"column":84},"end":{"line":31,"column":103}}]},"7":{"loc":{"start":{"line":32,"column":72},"end":{"line":32,"column":105}},"type":"cond-expr","locations":[{"start":{"line":32,"column":86},"end":{"line":32,"column":105}},{"start":{"line":32,"column":86},"end":{"line":32,"column":105}}]}},"s":{"0":21,"1":21,"2":21,"3":21,"4":21,"5":21,"6":0,"7":21,"8":21,"9":21,"10":21,"11":21,"12":21,"13":21,"14":21,"15":2,"16":2,"17":1,"18":1,"19":158},"f":{"0":21,"1":21,"2":2,"3":1,"4":1},"b":{"0":[0,21],"1":[1,1],"2":[0,42],"3":[42,21],"4":[0,42],"5":[42,21],"6":[0,42],"7":[0,42]}}
,"/Users/Alinotec/Documents/linssenste/life/application-website/src/components/PolaroidImage.vue": {"path":"/Users/Alinotec/Documents/linssenste/life/application-website/src/components/PolaroidImage.vue","statementMap":{"0":{"start":{"line":26,"column":16},"end":{"line":26,"column":null}},"1":{"start":{"line":33,"column":18},"end":{"line":33,"column":null}},"2":{"start":{"line":34,"column":22},"end":{"line":34,"column":null}},"3":{"start":{"line":37,"column":4},"end":{"line":37,"column":null}},"4":{"start":{"line":39,"column":0},"end":{"line":51,"column":null}},"5":{"start":{"line":40,"column":4},"end":{"line":48,"column":null}},"6":{"start":{"line":53,"column":0},"end":{"line":53,"column":null}},"7":{"start":{"line":54,"column":0},"end":{"line":54,"column":null}},"8":{"start":{"line":4,"column":96},"end":{"line":4,"column":null}}},"fnMap":{"0":{"name":"developPolaroidEvent","decl":{"start":{"line":36,"column":9},"end":{"line":36,"column":38}},"loc":{"start":{"line":36,"column":38},"end":{"line":38,"column":null}}},"1":{"name":"(anonymous_2)","decl":{"start":{"line":39,"column":10},"end":{"line":39,"column":16}},"loc":{"start":{"line":39,"column":16},"end":{"line":51,"column":1}}},"2":{"name":"(anonymous_5)","decl":{"start":{"line":4,"column":94},"end":{"line":4,"column":96}},"loc":{"start":{"line":4,"column":96},"end":{"line":4,"column":null}}}},"branchMap":{"0":{"loc":{"start":{"line":4,"column":94},"end":{"line":4,"column":null}},"type":"binary-expr","locations":[{"start":{"line":4,"column":94},"end":{"line":4,"column":96}},{"start":{"line":4,"column":94},"end":{"line":4,"column":null}}]},"1":{"loc":{"start":{"line":17,"column":19},"end":{"line":17,"column":57}},"type":"cond-expr","locations":[{"start":{"line":17,"column":19},"end":{"line":17,"column":57}},{"start":{"line":17,"column":49},"end":{"line":17,"column":57}}]}},"s":{"0":97,"1":97,"2":97,"3":3,"4":97,"5":97,"6":97,"7":97,"8":2},"f":{"0":3,"1":97,"2":2},"b":{"0":[99,97],"1":[98,1]}}
,"/Users/Alinotec/Documents/linssenste/life/application-website/src/components/TLDRCard.vue": {"path":"/Users/Alinotec/Documents/linssenste/life/application-website/src/components/TLDRCard.vue","statementMap":{"0":{"start":{"line":2,"column":9},"end":{"line":2,"column":null}},"1":{"start":{"line":2,"column":14},"end":{"line":2,"column":null}},"2":{"start":{"line":3,"column":8},"end":{"line":3,"column":13}},"3":{"start":{"line":5,"column":8},"end":{"line":6,"column":null}},"4":{"start":{"line":5,"column":17},"end":{"line":8,"column":13}},"5":{"start":{"line":5,"column":46},"end":{"line":8,"column":13}},"6":{"start":{"line":10,"column":8},"end":{"line":13,"column":null}}},"fnMap":{"0":{"name":"(anonymous_0)","decl":{"start":{"line":2,"column":9},"end":{"line":2,"column":14}},"loc":{"start":{"line":2,"column":14},"end":{"line":2,"column":null}}},"1":{"name":"(anonymous_1)","decl":{"start":{"line":5,"column":8},"end":{"line":5,"column":13}},"loc":{"start":{"line":5,"column":8},"end":{"line":6,"column":null}}},"2":{"name":"(anonymous_2)","decl":{"start":{"line":5,"column":46},"end":{"line":5,"column":47}},"loc":{"start":{"line":5,"column":46},"end":{"line":8,"column":13}}},"3":{"name":"(anonymous_3)","decl":{"start":{"line":10,"column":8},"end":{"line":10,"column":16}},"loc":{"start":{"line":10,"column":8},"end":{"line":13,"column":null}}}},"branchMap":{},"s":{"0":1,"1":4,"2":1,"3":2,"4":1,"5":1,"6":2},"f":{"0":4,"1":1,"2":1,"3":1},"b":{}}
,"/Users/Alinotec/Documents/linssenste/life/application-website/src/views/FavoriteMusicSection.vue": {"path":"/Users/Alinotec/Documents/linssenste/life/application-website/src/views/FavoriteMusicSection.vue","statementMap":{"0":{"start":{"line":52,"column":12},"end":{"line":52,"column":null}},"1":{"start":{"line":55,"column":13},"end":{"line":55,"column":null}},"2":{"start":{"line":57,"column":48},"end":{"line":152,"column":null}},"3":{"start":{"line":154,"column":22},"end":{"line":157,"column":null}},"4":{"start":{"line":155,"column":18},"end":{"line":155,"column":null}},"5":{"start":{"line":156,"column":4},"end":{"line":156,"column":null}},"6":{"start":{"line":159,"column":15},"end":{"line":161,"column":null}},"7":{"start":{"line":160,"column":4},"end":{"line":160,"column":null}},"8":{"start":{"line":164,"column":0},"end":{"line":171,"column":null}},"9":{"start":{"line":168,"column":14},"end":{"line":168,"column":null}},"10":{"start":{"line":169,"column":4},"end":{"line":169,"column":null}},"11":{"start":{"line":169,"column":13},"end":{"line":169,"column":null}},"12":{"start":{"line":175,"column":4},"end":{"line":175,"column":null}},"13":{"start":{"line":177,"column":4},"end":{"line":178,"column":null}},"14":{"start":{"line":177,"column":68},"end":{"line":177,"column":null}},"15":{"start":{"line":178,"column":9},"end":{"line":178,"column":null}},"16":{"start":{"line":183,"column":4},"end":{"line":183,"column":null}},"17":{"start":{"line":186,"column":21},"end":{"line":186,"column":null}},"18":{"start":{"line":190,"column":4},"end":{"line":199,"column":null}},"19":{"start":{"line":192,"column":8},"end":{"line":192,"column":null}},"20":{"start":{"line":193,"column":8},"end":{"line":193,"column":null}},"21":{"start":{"line":196,"column":8},"end":{"line":196,"column":null}},"22":{"start":{"line":197,"column":8},"end":{"line":197,"column":null}},"23":{"start":{"line":198,"column":8},"end":{"line":198,"column":null}},"24":{"start":{"line":201,"column":4},"end":{"line":201,"column":null}},"25":{"start":{"line":2,"column":9},"end":{"line":2,"column":null}},"26":{"start":{"line":5,"column":13},"end":{"line":5,"column":null}},"27":{"start":{"line":6,"column":17},"end":{"line":6,"column":null}},"28":{"start":{"line":7,"column":21},"end":{"line":7,"column":null}},"29":{"start":{"line":26,"column":21},"end":{"line":26,"column":43}},"30":{"start":{"line":31,"column":16},"end":{"line":31,"column":34}},"31":{"start":{"line":36,"column":12},"end":{"line":37,"column":88}},"32":{"start":{"line":39,"column":12},"end":{"line":39,"column":80}},"33":{"start":{"line":9,"column":20},"end":{"line":10,"column":96}},"34":{"start":{"line":10,"column":69},"end":{"line":10,"column":96}},"35":{"start":{"line":29,"column":29},"end":{"line":29,"column":43}}},"fnMap":{"0":{"name":"(anonymous_1)","decl":{"start":{"line":154,"column":31},"end":{"line":154,"column":37}},"loc":{"start":{"line":154,"column":37},"end":{"line":157,"column":1}}},"1":{"name":"(anonymous_2)","decl":{"start":{"line":159,"column":24},"end":{"line":159,"column":30}},"loc":{"start":{"line":159,"column":30},"end":{"line":161,"column":1}}},"2":{"name":"(anonymous_3)","decl":{"start":{"line":164,"column":10},"end":{"line":164,"column":16}},"loc":{"start":{"line":164,"column":16},"end":{"line":171,"column":1}}},"3":{"name":"selectFavoriteSong","decl":{"start":{"line":174,"column":9},"end":{"line":174,"column":28}},"loc":{"start":{"line":174,"column":46},"end":{"line":179,"column":null}}},"4":{"name":"randomSong","decl":{"start":{"line":182,"column":9},"end":{"line":182,"column":28}},"loc":{"start":{"line":182,"column":28},"end":{"line":184,"column":null}}},"5":{"name":"shuffleArray","decl":{"start":{"line":185,"column":9},"end":{"line":185,"column":22}},"loc":{"start":{"line":185,"column":39},"end":{"line":202,"column":null}}},"6":{"name":"(anonymous_9)","decl":{"start":{"line":31,"column":16},"end":{"line":31,"column":21}},"loc":{"start":{"line":31,"column":16},"end":{"line":31,"column":34}}},"7":{"name":"(anonymous_10)","decl":{"start":{"line":36,"column":12},"end":{"line":36,"column":18}},"loc":{"start":{"line":36,"column":12},"end":{"line":37,"column":88}}},"8":{"name":"(anonymous_11)","decl":{"start":{"line":39,"column":12},"end":{"line":39,"column":17}},"loc":{"start":{"line":39,"column":12},"end":{"line":39,"column":80}}},"9":{"name":"(anonymous_14)","decl":{"start":{"line":10,"column":67},"end":{"line":10,"column":69}},"loc":{"start":{"line":10,"column":69},"end":{"line":10,"column":96}}},"10":{"name":"(anonymous_15)","decl":{"start":{"line":29,"column":27},"end":{"line":29,"column":29}},"loc":{"start":{"line":29,"column":29},"end":{"line":29,"column":43}}}},"branchMap":{"0":{"loc":{"start":{"line":169,"column":4},"end":{"line":169,"column":null}},"type":"if","locations":[{"start":{"line":169,"column":4},"end":{"line":169,"column":null}},{"start":{"line":169,"column":4},"end":{"line":169,"column":null}}]},"1":{"loc":{"start":{"line":177,"column":4},"end":{"line":178,"column":null}},"type":"if","locations":[{"start":{"line":177,"column":4},"end":{"line":178,"column":null}},{"start":{"line":178,"column":9},"end":{"line":178,"column":null}}]},"2":{"loc":{"start":{"line":177,"column":8},"end":{"line":177,"column":68}},"type":"binary-expr","locations":[{"start":{"line":177,"column":8},"end":{"line":177,"column":31}},{"start":{"line":177,"column":31},"end":{"line":177,"column":68}}]},"3":{"loc":{"start":{"line":18,"column":40},"end":{"line":26,"column":null}},"type":"cond-expr","locations":[{"start":{"line":18,"column":40},"end":{"line":20,"column":97}},{"start":{"line":20,"column":81},"end":{"line":26,"column":null}}]},"4":{"loc":{"start":{"line":20,"column":38},"end":{"line":20,"column":57}},"type":"cond-expr","locations":[{"start":{"line":20,"column":46},"end":{"line":20,"column":57}},{"start":{"line":20,"column":46},"end":{"line":20,"column":57}}]},"5":{"loc":{"start":{"line":29,"column":27},"end":{"line":29,"column":43}},"type":"binary-expr","locations":[{"start":{"line":29,"column":27},"end":{"line":29,"column":29}},{"start":{"line":29,"column":27},"end":{"line":29,"column":43}}]},"6":{"loc":{"start":{"line":35,"column":20},"end":{"line":40,"column":null}},"type":"cond-expr","locations":[{"start":{"line":35,"column":20},"end":{"line":40,"column":null}},{"start":{"line":40,"column":14},"end":{"line":40,"column":null}}]}},"s":{"0":7,"1":7,"2":7,"3":7,"4":7,"5":7,"6":7,"7":7,"8":7,"9":7,"10":7,"11":0,"12":2,"13":2,"14":2,"15":0,"16":2,"17":7,"18":7,"19":658,"20":658,"21":658,"22":658,"23":658,"24":7,"25":1,"26":1,"27":1,"28":1,"29":1,"30":2,"31":2,"32":2,"33":1034,"34":1,"35":1},"f":{"0":7,"1":7,"2":7,"3":2,"4":2,"5":7,"6":1,"7":1,"8":1,"9":1,"10":1},"b":{"0":[0,7],"1":[2,0],"2":[2,2],"3":[4,7],"4":[0,4],"5":[11,7],"6":[11,0]}}
,"/Users/Alinotec/Documents/linssenste/life/application-website/src/views/InstagramMusicSection.vue": {"path":"/Users/Alinotec/Documents/linssenste/life/application-website/src/views/InstagramMusicSection.vue","statementMap":{"0":{"start":{"line":105,"column":12},"end":{"line":105,"column":null}},"1":{"start":{"line":2,"column":9},"end":{"line":2,"column":null}},"2":{"start":{"line":14,"column":13},"end":{"line":14,"column":null}}},"fnMap":{},"branchMap":{},"s":{"0":5,"1":1,"2":1},"f":{},"b":{}}
,"/Users/Alinotec/Documents/linssenste/life/application-website/src/views/MusicLoveSection.vue": {"path":"/Users/Alinotec/Documents/linssenste/life/application-website/src/views/MusicLoveSection.vue","statementMap":{"0":{"start":{"line":40,"column":12},"end":{"line":40,"column":null}},"1":{"start":{"line":43,"column":15},"end":{"line":45,"column":null}},"2":{"start":{"line":44,"column":4},"end":{"line":44,"column":null}},"3":{"start":{"line":2,"column":9},"end":{"line":2,"column":null}},"4":{"start":{"line":7,"column":13},"end":{"line":7,"column":null}},"5":{"start":{"line":8,"column":17},"end":{"line":8,"column":null}},"6":{"start":{"line":10,"column":22},"end":{"line":10,"column":51}},"7":{"start":{"line":15,"column":26},"end":{"line":15,"column":55}},"8":{"start":{"line":20,"column":36},"end":{"line":20,"column":null}},"9":{"start":{"line":22,"column":16},"end":{"line":22,"column":68}},"10":{"start":{"line":23,"column":16},"end":{"line":23,"column":57}},"11":{"start":{"line":24,"column":16},"end":{"line":24,"column":53}},"12":{"start":{"line":25,"column":16},"end":{"line":25,"column":63}}},"fnMap":{"0":{"name":"(anonymous_1)","decl":{"start":{"line":43,"column":24},"end":{"line":43,"column":30}},"loc":{"start":{"line":43,"column":30},"end":{"line":45,"column":1}}},"1":{"name":"(anonymous_3)","decl":{"start":{"line":22,"column":16},"end":{"line":22,"column":21}},"loc":{"start":{"line":22,"column":16},"end":{"line":22,"column":68}}},"2":{"name":"(anonymous_4)","decl":{"start":{"line":23,"column":16},"end":{"line":23,"column":21}},"loc":{"start":{"line":23,"column":16},"end":{"line":23,"column":57}}},"3":{"name":"(anonymous_5)","decl":{"start":{"line":24,"column":16},"end":{"line":24,"column":21}},"loc":{"start":{"line":24,"column":16},"end":{"line":24,"column":53}}},"4":{"name":"(anonymous_6)","decl":{"start":{"line":25,"column":16},"end":{"line":25,"column":21}},"loc":{"start":{"line":25,"column":16},"end":{"line":25,"column":63}}}},"branchMap":{},"s":{"0":10,"1":10,"2":10,"3":1,"4":1,"5":1,"6":1,"7":1,"8":1,"9":2,"10":2,"11":2,"12":2},"f":{"0":10,"1":1,"2":1,"3":1,"4":1},"b":{}}
,"/Users/Alinotec/Documents/linssenste/life/application-website/src/views/PolaroidCreativitySection.vue": {"path":"/Users/Alinotec/Documents/linssenste/life/application-website/src/views/PolaroidCreativitySection.vue","statementMap":{"0":{"start":{"line":23,"column":12},"end":{"line":23,"column":null}},"1":{"start":{"line":12,"column":12},"end":{"line":12,"column":null}},"2":{"start":{"line":13,"column":12},"end":{"line":13,"column":98}}},"fnMap":{"0":{"name":"(anonymous_2)","decl":{"start":{"line":13,"column":12},"end":{"line":13,"column":18}},"loc":{"start":{"line":13,"column":12},"end":{"line":13,"column":98}}}},"branchMap":{},"s":{"0":6,"1":1,"2":2},"f":{"0":1},"b":{}}
,"/Users/Alinotec/Documents/linssenste/life/application-website/src/views/RisographArtSection.vue": {"path":"/Users/Alinotec/Documents/linssenste/life/application-website/src/views/RisographArtSection.vue","statementMap":{"0":{"start":{"line":17,"column":0},"end":{"line":17,"column":null}}},"fnMap":{},"branchMap":{"0":{"loc":{"start":{"line":2,"column":17},"end":{"line":2,"column":null}},"type":"cond-expr","locations":[{"start":{"line":2,"column":22},"end":{"line":2,"column":null}},{"start":{"line":2,"column":22},"end":{"line":2,"column":null}}]},"1":{"loc":{"start":{"line":5,"column":18},"end":{"line":5,"column":null}},"type":"cond-expr","locations":[{"start":{"line":5,"column":23},"end":{"line":5,"column":null}},{"start":{"line":5,"column":23},"end":{"line":5,"column":null}}]},"2":{"loc":{"start":{"line":6,"column":20},"end":{"line":6,"column":57}},"type":"cond-expr","locations":[{"start":{"line":6,"column":26},"end":{"line":6,"column":57}},{"start":{"line":6,"column":26},"end":{"line":6,"column":57}}]},"3":{"loc":{"start":{"line":6,"column":83},"end":{"line":6,"column":123}},"type":"cond-expr","locations":[{"start":{"line":6,"column":88},"end":{"line":6,"column":123}},{"start":{"line":6,"column":88},"end":{"line":6,"column":123}}]}},"s":{"0":7},"f":{},"b":{"0":[1,6],"1":[1,6],"2":[1,6],"3":[1,6]}}
,"/Users/Alinotec/Documents/linssenste/life/application-website/src/views/WelcomeSection.vue": {"path":"/Users/Alinotec/Documents/linssenste/life/application-website/src/views/WelcomeSection.vue","statementMap":{"0":{"start":{"line":53,"column":12},"end":{"line":53,"column":null}},"1":{"start":{"line":54,"column":11},"end":{"line":54,"column":null}},"2":{"start":{"line":56,"column":0},"end":{"line":59,"column":null}},"3":{"start":{"line":57,"column":20},"end":{"line":57,"column":null}},"4":{"start":{"line":58,"column":4},"end":{"line":58,"column":null}},"5":{"start":{"line":2,"column":9},"end":{"line":2,"column":null}},"6":{"start":{"line":11,"column":13},"end":{"line":11,"column":null}},"7":{"start":{"line":14,"column":17},"end":{"line":14,"column":null}},"8":{"start":{"line":30,"column":53},"end":{"line":30,"column":61}},"9":{"start":{"line":30,"column":97},"end":{"line":30,"column":null}}},"fnMap":{"0":{"name":"(anonymous_1)","decl":{"start":{"line":56,"column":10},"end":{"line":56,"column":16}},"loc":{"start":{"line":56,"column":16},"end":{"line":59,"column":1}}},"1":{"name":"(anonymous_4)","decl":{"start":{"line":30,"column":53},"end":{"line":30,"column":59}},"loc":{"start":{"line":30,"column":53},"end":{"line":30,"column":61}}}},"branchMap":{"0":{"loc":{"start":{"line":18,"column":30},"end":{"line":18,"column":106}},"type":"cond-expr","locations":[{"start":{"line":18,"column":53},"end":{"line":18,"column":106}},{"start":{"line":18,"column":96},"end":{"line":18,"column":106}}]},"1":{"loc":{"start":{"line":18,"column":30},"end":{"line":18,"column":57}},"type":"binary-expr","locations":[{"start":{"line":18,"column":30},"end":{"line":18,"column":42}},{"start":{"line":18,"column":42},"end":{"line":18,"column":57}}]}},"s":{"0":10,"1":10,"2":10,"3":10,"4":10,"5":1,"6":1,"7":1,"8":2,"9":1},"f":{"0":10,"1":1},"b":{"0":[1,11],"1":[12,2]}}
}
